<?xml version="1.0" encoding="UTF-8"?>
<Site BuildName="(empty)"
	BuildStamp="20240825-1249-Experimental"
	Name="rosnoetic"
	Generator="ctest-3.16.3"
	CompilerName="/usr/lib/ccache/c++"
	CompilerVersion="9.4.0"
	OSName="Linux"
	Hostname="rosnoetic"
	OSRelease="5.4.0-187-generic"
	OSVersion="#207-Ubuntu SMP Mon Jun 10 08:18:12 UTC 2024"
	OSPlatform="aarch64"
	Is64Bits="1"
	VendorString=""
	VendorID="Unknown Manufacturer"
	FamilyID="8"
	ModelID="0"
	ProcessorCacheSize="0"
	NumberOfLogicalCPU="4"
	NumberOfPhysicalCPU="1"
	TotalVirtualMemory="3915"
	TotalPhysicalMemory="3916"
	LogicalProcessorsPerPhysical="4"
	ProcessorClockFrequency="0"
	>
	<Testing>
		<StartDateTime>Aug 25 12:49 UTC</StartDateTime>
		<StartTestTime>1724590197</StartTestTime>
		<TestList/>
		<EndDateTime>Aug 25 12:49 UTC</EndDateTime>
		<EndTestTime>1724590197</EndTestTime>
		<ElapsedMinutes>0</ElapsedMinutes>
	</Testing>
</Site>
