<?xml version="1.0" encoding="UTF-8"?>
<Site BuildName="(empty)"
	BuildStamp="20241027-1340-Experimental"
	Name="rosnoetic"
	Generator="ctest-3.16.3"
	CompilerName="/usr/lib/ccache/c++"
	CompilerVersion="9.4.0"
	OSName="Linux"
	Hostname="rosnoetic"
	OSRelease="5.4.0-196-generic"
	OSVersion="#216-Ubuntu SMP Thu Aug 29 13:26:18 UTC 2024"
	OSPlatform="aarch64"
	Is64Bits="1"
	VendorString=""
	VendorID="Unknown Manufacturer"
	FamilyID="8"
	ModelID="0"
	ProcessorCacheSize="0"
	NumberOfLogicalCPU="4"
	NumberOfPhysicalCPU="1"
	TotalVirtualMemory="3915"
	TotalPhysicalMemory="3916"
	LogicalProcessorsPerPhysical="4"
	ProcessorClockFrequency="0"
	>
	<Testing>
		<StartDateTime>Oct 27 13:40 UTC</StartDateTime>
		<StartTestTime>1730036452</StartTestTime>
		<TestList/>
		<EndDateTime>Oct 27 13:40 UTC</EndDateTime>
		<EndTestTime>1730036452</EndTestTime>
		<ElapsedMinutes>0</ElapsedMinutes>
	</Testing>
</Site>
